Arguments: 
  C:\Program Files\nodejs\node.exe C:\Users\hexag\AppData\Roaming\npm\node_modules\yarn\bin\yarn.js

PATH: 
  C:\Program Files\Common Files\Oracle\Java\javapath;C:\Python39\Scripts\;C:\Python39\;C:\Windows\system32;C:\Windows;C:\Windows\System32\Wbem;C:\Windows\System32\WindowsPowerShell\v1.0\;C:\Windows\System32\OpenSSH\;C:\Program Files (x86)\NVIDIA Corporation\PhysX\Common;C:\Program Files\NVIDIA Corporation\NVIDIA NvDLISR;C:\Program Files\Docker\Docker\resources\bin;C:\ProgramData\DockerDesktop\version-bin;C:\ProgramData\chocolatey\bin;C:\Program Files\Git\cmd;C:\Program Files\PuTTY\;%NVM_HOME%;%NVM_SYMLINK%;C:\Program Files (x86)\Calibre2\;C:\WINDOWS\system32;C:\WINDOWS;C:\WINDOWS\System32\Wbem;C:\WINDOWS\System32\WindowsPowerShell\v1.0\;C:\WINDOWS\System32\OpenSSH\;C:\Program Files\dotnet\;C:\Users\hexag\AppData\Local\Microsoft\WindowsApps;C:\Users\hexag\AppData\Roaming\npm;C:\Users\hexag\AppData\Local\Programs\Microsoft VS Code\bin;C:\Users\hexag\AppData\Roaming\nvm;C:\Program Files\nodejs;

Yarn version: 
  1.22.19

Node version: 
  16.13.2

Platform: 
  win32 x64

Trace: 
  Error: https://registry.yarnpkg.com/@phonophant%2fshared-models: Not found
      at Request.params.callback [as _callback] (C:\Users\hexag\AppData\Roaming\npm\node_modules\yarn\lib\cli.js:66145:18)
      at Request.self.callback (C:\Users\hexag\AppData\Roaming\npm\node_modules\yarn\lib\cli.js:140890:22)
      at Request.emit (node:events:390:28)
      at Request.<anonymous> (C:\Users\hexag\AppData\Roaming\npm\node_modules\yarn\lib\cli.js:141862:10)
      at Request.emit (node:events:390:28)
      at IncomingMessage.<anonymous> (C:\Users\hexag\AppData\Roaming\npm\node_modules\yarn\lib\cli.js:141784:12)
      at Object.onceWrapper (node:events:509:28)
      at IncomingMessage.emit (node:events:402:35)
      at endReadableNT (node:internal/streams/readable:1343:12)
      at processTicksAndRejections (node:internal/process/task_queues:83:21)

npm manifest: 
  {
    "name": "@phonophant/plugin-pilet",
    "version": "1.0.0",
    "description": "Provides a webpage (pilet) for managing plugins.",
    "keywords": [
      "pilet"
    ],
    "devDependencies": {
      "@phonophant/piral": "1.0.0",
      "@phonophant/shared-models": "1.0.0",
      "@types/node": "latest",
      "@types/react": "^18",
      "@types/react-dom": "^18",
      "piral-cli": "0.15.2",
      "piral-cli-webpack5": "0.15.2",
      "react": "18.2.0",
      "react-dom": "18.2.0",
      "react-icons": "^4.7.1",
      "react-router": "5.3.4",
      "react-router-dom": "5.3.4",
      "tslib": "2.4.1",
      "typescript": "latest"
    },
    "scripts": {
      "start": "pilet debug",
      "build": "pilet build --target ./dist/index.js ./src/index.tsx",
      "upgrade": "pilet upgrade"
    },
    "phonoplugin": {
      "piletLocation": "dist"
    },
    "files": [
      "dist"
    ],
    "source": "src/index.tsx",
    "importmap": {
      "imports": {},
      "inherit": [
        "@phonophant/piral"
      ]
    }
  }

yarn manifest: 
  No manifest

Lockfile: 
  No lockfile
